Fri 12 Aug 2022 04:37:27 PM UTC: 
 tests:  0|7
total_score: 0/70
b8d7504
Fri 12 Aug 2022 04:43:43 PM UTC: 
 exercises.c | 1 +
 1 file changed, 1 insertion(+)
 tests:  1|6
total_score: 10/70
3c1a78a
Fri 12 Aug 2022 05:22:23 PM UTC: 
 exercises.c | 7 +++++++
 1 file changed, 7 insertions(+)
In file included from test.c:5:
exercises.c: In function ‘sumaNultimos’:
exercises.c:42:14: error: expected expression before ‘int’
   42 |   tot = suma(int a[], int n);
      |              ^~~
exercises.c:42:9: error: called object ‘suma’ is not a function or function pointer
   42 |   tot = suma(int a[], int n);
      |         ^~~~
exercises.c:39:48: note: declared here
   39 | void sumaNultimos(int a[], int n, int m, int * suma) {
      |                                          ~~~~~~^~~~
exercises.c:43:16: error: expected expression before ‘int’
   43 |   resto = suma(int a[], int n) - suma(int a[], int m);
      |                ^~~
exercises.c:43:11: error: called object ‘suma’ is not a function or function pointer
   43 |   resto = suma(int a[], int n) - suma(int a[], int m);
      |           ^~~~
exercises.c:39:48: note: declared here
   39 | void sumaNultimos(int a[], int n, int m, int * suma) {
      |                                          ~~~~~~^~~~
exercises.c:43:39: error: expected expression before ‘int’
   43 |   resto = suma(int a[], int n) - suma(int a[], int m);
      |                                       ^~~
exercises.c:43:34: error: called object ‘suma’ is not a function or function pointer
   43 |   resto = suma(int a[], int n) - suma(int a[], int m);
      |                                  ^~~~
exercises.c:39:48: note: declared here
   39 | void sumaNultimos(int a[], int n, int m, int * suma) {
      |                                          ~~~~~~^~~~
exercises.c:44:22: error: expected ‘;’ before ‘}’ token
   44 |   *suma = tot - resto
      |                      ^
      |                      ;
......
   48 | }
      | ~                     
Compilation failed
0200987
Fri 12 Aug 2022 05:23:05 PM UTC: 
 exercises.c | 6 +-----
 1 file changed, 1 insertion(+), 5 deletions(-)
 tests:  1|6
total_score: 10/70
b2df198
Fri 12 Aug 2022 05:29:36 PM UTC: 
 exercises.c | 3 +--
 1 file changed, 1 insertion(+), 2 deletions(-)
In file included from test.c:5:
exercises.c: In function ‘sumaNultimos’:
exercises.c:40:15: error: expected expression before ‘int’
   40 | *suma = sumaN(int a[], int n]) - sumaN(int a[], n-m);
      |               ^~~
exercises.c:40:9: error: too few arguments to function ‘sumaN’
   40 | *suma = sumaN(int a[], int n]) - sumaN(int a[], n-m);
      |         ^~~~~
exercises.c:21:5: note: declared here
   21 | int sumaN(int a[], int N) {
      |     ^~~~~
exercises.c:40:29: error: expected ‘;’ before ‘]’ token
   40 | *suma = sumaN(int a[], int n]) - sumaN(int a[], n-m);
      |                             ^
      |                             ;
exercises.c:40:29: error: expected statement before ‘]’ token
exercises.c:40:30: error: expected statement before ‘)’ token
   40 | *suma = sumaN(int a[], int n]) - sumaN(int a[], n-m);
      |                              ^
exercises.c:40:40: error: expected expression before ‘int’
   40 | *suma = sumaN(int a[], int n]) - sumaN(int a[], n-m);
      |                                        ^~~
exercises.c:40:34: error: too few arguments to function ‘sumaN’
   40 | *suma = sumaN(int a[], int n]) - sumaN(int a[], n-m);
      |                                  ^~~~~
exercises.c:21:5: note: declared here
   21 | int sumaN(int a[], int N) {
      |     ^~~~~
Compilation failed
5afba01
Fri 12 Aug 2022 05:29:55 PM UTC: 
 exercises.c | 2 +-
 1 file changed, 1 insertion(+), 1 deletion(-)
In file included from test.c:5:
exercises.c: In function ‘sumaNultimos’:
exercises.c:40:15: error: expected expression before ‘int’
   40 | *suma = sumaN(int a[], int n]) - sumaN(int a[],int n-m);
      |               ^~~
exercises.c:40:9: error: too few arguments to function ‘sumaN’
   40 | *suma = sumaN(int a[], int n]) - sumaN(int a[],int n-m);
      |         ^~~~~
exercises.c:21:5: note: declared here
   21 | int sumaN(int a[], int N) {
      |     ^~~~~
exercises.c:40:29: error: expected ‘;’ before ‘]’ token
   40 | *suma = sumaN(int a[], int n]) - sumaN(int a[],int n-m);
      |                             ^
      |                             ;
exercises.c:40:29: error: expected statement before ‘]’ token
exercises.c:40:30: error: expected statement before ‘)’ token
   40 | *suma = sumaN(int a[], int n]) - sumaN(int a[],int n-m);
      |                              ^
exercises.c:40:40: error: expected expression before ‘int’
   40 | *suma = sumaN(int a[], int n]) - sumaN(int a[],int n-m);
      |                                        ^~~
exercises.c:40:34: error: too few arguments to function ‘sumaN’
   40 | *suma = sumaN(int a[], int n]) - sumaN(int a[],int n-m);
      |                                  ^~~~~
exercises.c:21:5: note: declared here
   21 | int sumaN(int a[], int N) {
      |     ^~~~~
Compilation failed
da74041
Fri 12 Aug 2022 05:30:04 PM UTC: 
 exercises.c | 2 +-
 1 file changed, 1 insertion(+), 1 deletion(-)
In file included from test.c:5:
exercises.c: In function ‘sumaNultimos’:
exercises.c:40:15: error: expected expression before ‘int’
   40 | *suma = sumaN(int a[], int n) - sumaN(int a[],int n-m);
      |               ^~~
exercises.c:40:9: error: too few arguments to function ‘sumaN’
   40 | *suma = sumaN(int a[], int n) - sumaN(int a[],int n-m);
      |         ^~~~~
exercises.c:21:5: note: declared here
   21 | int sumaN(int a[], int N) {
      |     ^~~~~
exercises.c:40:39: error: expected expression before ‘int’
   40 | *suma = sumaN(int a[], int n) - sumaN(int a[],int n-m);
      |                                       ^~~
exercises.c:40:33: error: too few arguments to function ‘sumaN’
   40 | *suma = sumaN(int a[], int n) - sumaN(int a[],int n-m);
      |                                 ^~~~~
exercises.c:21:5: note: declared here
   21 | int sumaN(int a[], int N) {
      |     ^~~~~
Compilation failed
4b9e268
Fri 12 Aug 2022 05:30:57 PM UTC: 
 exercises.c | 2 +-
 1 file changed, 1 insertion(+), 1 deletion(-)
In file included from test.c:5:
exercises.c: In function ‘sumaNultimos’:
exercises.c:40:15: error: expected expression before ‘int’
   40 | *suma = sumaN(int a[], int n) - (sumaN(int a[],int n-m));
      |               ^~~
exercises.c:40:9: error: too few arguments to function ‘sumaN’
   40 | *suma = sumaN(int a[], int n) - (sumaN(int a[],int n-m));
      |         ^~~~~
exercises.c:21:5: note: declared here
   21 | int sumaN(int a[], int N) {
      |     ^~~~~
exercises.c:40:40: error: expected expression before ‘int’
   40 | *suma = sumaN(int a[], int n) - (sumaN(int a[],int n-m));
      |                                        ^~~
exercises.c:40:34: error: too few arguments to function ‘sumaN’
   40 | *suma = sumaN(int a[], int n) - (sumaN(int a[],int n-m));
      |                                  ^~~~~
exercises.c:21:5: note: declared here
   21 | int sumaN(int a[], int N) {
      |     ^~~~~
Compilation failed
81c0a9f
Fri 12 Aug 2022 05:31:13 PM UTC: 
 exercises.c | 2 +-
 1 file changed, 1 insertion(+), 1 deletion(-)
In file included from test.c:5:
exercises.c: In function ‘sumaNultimos’:
exercises.c:40:15: error: expected expression before ‘int’
   40 | *suma = sumaN(int a[], int n) - sumaN(int a[],int n-m);
      |               ^~~
exercises.c:40:9: error: too few arguments to function ‘sumaN’
   40 | *suma = sumaN(int a[], int n) - sumaN(int a[],int n-m);
      |         ^~~~~
exercises.c:21:5: note: declared here
   21 | int sumaN(int a[], int N) {
      |     ^~~~~
exercises.c:40:39: error: expected expression before ‘int’
   40 | *suma = sumaN(int a[], int n) - sumaN(int a[],int n-m);
      |                                       ^~~
exercises.c:40:33: error: too few arguments to function ‘sumaN’
   40 | *suma = sumaN(int a[], int n) - sumaN(int a[],int n-m);
      |                                 ^~~~~
exercises.c:21:5: note: declared here
   21 | int sumaN(int a[], int N) {
      |     ^~~~~
Compilation failed
783c71f
Fri 12 Aug 2022 05:32:03 PM UTC: 
 exercises.c | 2 +-
 1 file changed, 1 insertion(+), 1 deletion(-)
In file included from test.c:5:
exercises.c: In function ‘sumaNultimos’:
exercises.c:41:15: error: expected expression before ‘int’
   41 | *suma = sumaN(int a[], int n) - sumaN(int a[],int n-m);
      |               ^~~
exercises.c:41:9: error: too few arguments to function ‘sumaN’
   41 | *suma = sumaN(int a[], int n) - sumaN(int a[],int n-m);
      |         ^~~~~
exercises.c:21:5: note: declared here
   21 | int sumaN(int a[], int N) {
      |     ^~~~~
exercises.c:41:39: error: expected expression before ‘int’
   41 | *suma = sumaN(int a[], int n) - sumaN(int a[],int n-m);
      |                                       ^~~
exercises.c:41:33: error: too few arguments to function ‘sumaN’
   41 | *suma = sumaN(int a[], int n) - sumaN(int a[],int n-m);
      |                                 ^~~~~
exercises.c:21:5: note: declared here
   21 | int sumaN(int a[], int N) {
      |     ^~~~~
Compilation failed
a12dc14
Fri 12 Aug 2022 05:32:12 PM UTC: 
 exercises.c | 1 -
 1 file changed, 1 deletion(-)
 tests:  1|6
total_score: 10/70
7409536
Fri 12 Aug 2022 05:40:58 PM UTC: 
 exercises.c | 2 +-
 1 file changed, 1 insertion(+), 1 deletion(-)
 tests:  2|5
total_score: 20/70
a204309
Fri 12 Aug 2022 11:09:08 PM UTC: 
 exercises.c | 4 ++++
 1 file changed, 4 insertions(+)
 tests:  2|5
total_score: 20/70
c38d421
Sat 13 Aug 2022 02:02:45 PM UTC: 
 exercises.c | 1 +
 1 file changed, 1 insertion(+)
 tests:  2|5
total_score: 20/70
a10bcb4
Sat 13 Aug 2022 02:18:34 PM UTC: 
 exercises.c | 5 ++---
 1 file changed, 2 insertions(+), 3 deletions(-)
In file included from test.c:5:
exercises.c: In function ‘crearPersona’:
exercises.c:62:4: error: array subscript ‘Persona[0]’ is partly outside array bounds of ‘unsigned char[8]’ [-Werror=array-bounds]
   62 |   p->edad = edad;
      |    ^~
exercises.c:59:24: note: referencing an object of size 8 allocated by ‘malloc’
   59 |   Persona* p=(Persona*)malloc(sizeof(Persona*));
      |                        ^~~~~~~~~~~~~~~~~~~~~~~~
In file included from /nix/store/dwsi3wsqpqm0hpzdm9fsxc7q732p9xwi-glibc-2.34-210-dev/include/string.h:519,
                 from test.c:3:
In function ‘strcpy’,
    inlined from ‘crearPersona’ at exercises.c:61:3:
/nix/store/dwsi3wsqpqm0hpzdm9fsxc7q732p9xwi-glibc-2.34-210-dev/include/bits/string_fortified.h:79:10: error: ‘__builtin___strcpy_chk’ offset 30 is out of the bounds [0, 8] [-Werror=array-bounds]
   79 |   return __builtin___strcpy_chk (__dest, __src, __glibc_objsize (__dest));
      |          ^~~~~~~~~~~~~~~~~~~~~~~~~~~~~~~~~~~~~~~~~~~~~~~~~~~~~~~~~~~~~~~~
cc1: all warnings being treated as errors
Compilation failed
535d427
Sat 13 Aug 2022 02:24:03 PM UTC: 
 exercises.c | 2 +-
 1 file changed, 1 insertion(+), 1 deletion(-)
In file included from test.c:5:
exercises.c: In function ‘crearPersona’:
exercises.c:62:4: error: array subscript ‘Persona[0]’ is partly outside array bounds of ‘unsigned char[8]’ [-Werror=array-bounds]
   62 |   p->edad = edad;
      |    ^~
exercises.c:59:24: note: referencing an object of size 8 allocated by ‘malloc’
   59 |   Persona* p=(Persona*)malloc(1* sizeof(Persona*));
      |                        ^~~~~~~~~~~~~~~~~~~~~~~~~~~
In file included from /nix/store/dwsi3wsqpqm0hpzdm9fsxc7q732p9xwi-glibc-2.34-210-dev/include/string.h:519,
                 from test.c:3:
In function ‘strcpy’,
    inlined from ‘crearPersona’ at exercises.c:61:3:
/nix/store/dwsi3wsqpqm0hpzdm9fsxc7q732p9xwi-glibc-2.34-210-dev/include/bits/string_fortified.h:79:10: error: ‘__builtin___strcpy_chk’ offset 30 is out of the bounds [0, 8] [-Werror=array-bounds]
   79 |   return __builtin___strcpy_chk (__dest, __src, __glibc_objsize (__dest));
      |          ^~~~~~~~~~~~~~~~~~~~~~~~~~~~~~~~~~~~~~~~~~~~~~~~~~~~~~~~~~~~~~~~
cc1: all warnings being treated as errors
Compilation failed
2393e26
Sat 13 Aug 2022 02:25:08 PM UTC: 
 exercises.c | 2 +-
 1 file changed, 1 insertion(+), 1 deletion(-)
In file included from test.c:5:
exercises.c: In function ‘crearPersona’:
exercises.c:59:24: error: too few arguments to function ‘calloc’
   59 |   Persona* p=(Persona*)calloc(sizeof(Persona*));
      |                        ^~~~~~
In file included from test.c:2:
/nix/store/dwsi3wsqpqm0hpzdm9fsxc7q732p9xwi-glibc-2.34-210-dev/include/stdlib.h:542:14: note: declared here
  542 | extern void *calloc (size_t __nmemb, size_t __size)
      |              ^~~~~~
Compilation failed
1257387
Sat 13 Aug 2022 02:29:05 PM UTC: 
 exercises.c | 2 +-
 1 file changed, 1 insertion(+), 1 deletion(-)
 tests:  3|4
total_score: 30/70
288bc98
Sat 13 Aug 2022 04:07:25 PM UTC: 
 exercises.c | 6 +++++-
 1 file changed, 5 insertions(+), 1 deletion(-)
In file included from test.c:5:
exercises.c: In function ‘crearVector’:
exercises.c:81:22: error: too few arguments to function ‘calloc’
   81 |   Vector* v=(Vector*)calloc(n*sizeof(Vector));
      |                      ^~~~~~
In file included from test.c:2:
/nix/store/dwsi3wsqpqm0hpzdm9fsxc7q732p9xwi-glibc-2.34-210-dev/include/stdlib.h:542:14: note: declared here
  542 | extern void *calloc (size_t __nmemb, size_t __size)
      |              ^~~~~~
Compilation failed
bc95b60
Sat 13 Aug 2022 05:22:05 PM UTC: 
 exercises.c | 2 +-
 1 file changed, 1 insertion(+), 1 deletion(-)
In file included from test.c:5:
exercises.c: In function ‘crearVector’:
exercises.c:81:24: error: too few arguments to function ‘calloc’
   81 |   Vector* v = (Vector*)calloc(sizeof(Vector));
      |                        ^~~~~~
In file included from test.c:2:
/nix/store/dwsi3wsqpqm0hpzdm9fsxc7q732p9xwi-glibc-2.34-210-dev/include/stdlib.h:542:14: note: declared here
  542 | extern void *calloc (size_t __nmemb, size_t __size)
      |              ^~~~~~
Compilation failed
8649496
Sun 14 Aug 2022 01:36:06 PM UTC: 
 exercises.c | 5 +++--
 1 file changed, 3 insertions(+), 2 deletions(-)
 tests:  3|4
total_score: 30/70
b5a8420
Sun 14 Aug 2022 01:37:24 PM UTC: 
 exercises.c | 2 +-
 1 file changed, 1 insertion(+), 1 deletion(-)
In file included from test.c:5:
exercises.c: In function ‘crearVector’:
exercises.c:81:24: error: too few arguments to function ‘calloc’
   81 |   Vector* v = (Vector*)calloc(sizeof(Vector));
      |                        ^~~~~~
In file included from test.c:2:
/nix/store/dwsi3wsqpqm0hpzdm9fsxc7q732p9xwi-glibc-2.34-210-dev/include/stdlib.h:542:14: note: declared here
  542 | extern void *calloc (size_t __nmemb, size_t __size)
      |              ^~~~~~
Compilation failed
c33e0b9
Sun 14 Aug 2022 01:37:35 PM UTC: 
 exercises.c | 2 +-
 1 file changed, 1 insertion(+), 1 deletion(-)
 tests:  3|4
total_score: 30/70
8f33b79
Sun 14 Aug 2022 01:46:29 PM UTC: 
 exercises.c | 10 ++++++++++
 1 file changed, 10 insertions(+)
In file included from test.c:5:
exercises.c: In function ‘asignarValor’:
exercises.c:96:5: error: assignment to ‘int *’ from incompatible pointer type ‘float *’ [-Werror=incompatible-pointer-types]
   96 |   a = (float *) calloc(v->capacidad + 1, sizeof(int));
      |     ^
exercises.c:100:4: error: array subscript is not an integer
  100 |   a[v->datos] = valor;
      |    ^
cc1: all warnings being treated as errors
Compilation failed
89311b9
Sun 14 Aug 2022 01:46:51 PM UTC: 
 exercises.c | 2 +-
 1 file changed, 1 insertion(+), 1 deletion(-)
In file included from test.c:5:
exercises.c: In function ‘asignarValor’:
exercises.c:100:4: error: array subscript is not an integer
  100 |   a[v->datos] = valor;
      |    ^
Compilation failed
107d17f
Sun 14 Aug 2022 01:50:27 PM UTC: 
 exercises.c | 2 +-
 1 file changed, 1 insertion(+), 1 deletion(-)
In file included from test.c:5:
exercises.c: In function ‘asignarValor’:
exercises.c:100:4: error: array subscript is not an integer
  100 |   a[v->datos] = valor;
      |    ^
Compilation failed
ae605bf
Sun 14 Aug 2022 01:51:18 PM UTC: 
 exercises.c | 2 +-
 1 file changed, 1 insertion(+), 1 deletion(-)
In file included from test.c:5:
exercises.c: In function ‘asignarValor’:
exercises.c:100:4: error: array subscript is not an integer
  100 |   a[v->datos] = valor;
      |    ^
Compilation failed
2bc7e4f
Sun 14 Aug 2022 02:06:27 PM UTC: 
 exercises.c | 2 +-
 1 file changed, 1 insertion(+), 1 deletion(-)
In file included from test.c:5:
exercises.c: In function ‘crearVector’:
exercises.c:81:24: error: too few arguments to function ‘calloc’
   81 |   Vector* v = (Vector*)calloc(sizeof(Vector));
      |                        ^~~~~~
In file included from test.c:2:
/nix/store/dwsi3wsqpqm0hpzdm9fsxc7q732p9xwi-glibc-2.34-210-dev/include/stdlib.h:542:14: note: declared here
  542 | extern void *calloc (size_t __nmemb, size_t __size)
      |              ^~~~~~
In file included from test.c:5:
exercises.c: In function ‘asignarValor’:
exercises.c:100:4: error: array subscript is not an integer
  100 |   a[v->datos] = valor;
      |    ^
Compilation failed
c8e71f3
Sun 14 Aug 2022 02:08:48 PM UTC: 
 exercises.c | 2 +-
 1 file changed, 1 insertion(+), 1 deletion(-)
In file included from test.c:5:
exercises.c: In function ‘crearVector’:
exercises.c:81:24: error: too few arguments to function ‘calloc’
   81 |   Vector* v = (Vector*)calloc(n*sizeof(Vector));
      |                        ^~~~~~
In file included from test.c:2:
/nix/store/dwsi3wsqpqm0hpzdm9fsxc7q732p9xwi-glibc-2.34-210-dev/include/stdlib.h:542:14: note: declared here
  542 | extern void *calloc (size_t __nmemb, size_t __size)
      |              ^~~~~~
In file included from test.c:5:
exercises.c: In function ‘asignarValor’:
exercises.c:100:4: error: array subscript is not an integer
  100 |   a[v->datos] = valor;
      |    ^
Compilation failed
4eef7b3
Sun 14 Aug 2022 02:35:05 PM UTC: 
 exercises.c | 9 +++------
 1 file changed, 3 insertions(+), 6 deletions(-)
In file included from test.c:5:
exercises.c: In function ‘crearVector’:
exercises.c:81:3: error: ‘arreglo’ undeclared (first use in this function)
   81 |   arreglo = (Vector* ) calloc(n,(sizeof(Vector)));
      |   ^~~~~~~
exercises.c:81:3: note: each undeclared identifier is reported only once for each function it appears in
exercises.c: In function ‘asignarValor’:
exercises.c:97:4: error: array subscript is not an integer
   97 |   a[v->datos] = valor;
      |    ^
exercises.c: In function ‘crearVector’:
exercises.c:84:1: error: control reaches end of non-void function [-Werror=return-type]
   84 | }
      | ^
cc1: all warnings being treated as errors
Compilation failed
adda036
Sun 14 Aug 2022 02:36:22 PM UTC: 
 exercises.c | 1 +
 1 file changed, 1 insertion(+)
In file included from test.c:5:
exercises.c: In function ‘asignarValor’:
exercises.c:98:4: error: array subscript is not an integer
   98 |   a[v->datos] = valor;
      |    ^
Compilation failed
ea4b761
Sun 14 Aug 2022 02:41:23 PM UTC: 
 exercises.c | 10 ++++++----
 1 file changed, 6 insertions(+), 4 deletions(-)
In file included from test.c:5:
exercises.c: In function ‘asignarValor’:
exercises.c:100:4: error: array subscript is not an integer
  100 |   a[v->datos] = valor;
      |    ^
Compilation failed
af8f9b5
Sun 14 Aug 2022 02:43:25 PM UTC: 
 exercises.c | 9 ---------
 1 file changed, 9 deletions(-)
 tests:  4|3
total_score: 40/70
f715408
Sun 14 Aug 2022 02:45:50 PM UTC: 
 exercises.c | 10 +++++++++-
 1 file changed, 9 insertions(+), 1 deletion(-)
In file included from test.c:5:
exercises.c: In function ‘asignarValor’:
exercises.c:100:4: error: array subscript is not an integer
  100 |   a[v->datos] = valor;
      |    ^
Compilation failed
e62d177
Sun 14 Aug 2022 04:47:25 PM UTC: 
 exercises.c | 11 +----------
 1 file changed, 1 insertion(+), 10 deletions(-)
 tests:  4|3
total_score: 40/70
110f0ee
Sun 14 Aug 2022 04:53:09 PM UTC: 
 exercises.c | 6 +++++-
 1 file changed, 5 insertions(+), 1 deletion(-)
 tests:  7|1
total_score: 60/70
c212c8d
Sun 14 Aug 2022 05:04:27 PM UTC: 
 exercises.c | 7 +++++++
 1 file changed, 7 insertions(+)
 tests:  8|0
total_score: 70/70
54b226b
Sun 14 Aug 2022 06:20:03 PM UTC: 
 exercises.c | 2 +-
 1 file changed, 1 insertion(+), 1 deletion(-)
 tests:  8|0
total_score: 70/70
4007dbe
Sun 14 Aug 2022 06:44:36 PM UTC: 
 exercises.c | 22 ++++++++++++----------
 1 file changed, 12 insertions(+), 10 deletions(-)
 tests:  8|0
total_score: 70/70
b494bfe
